
Thu 14 Mar 2024 05:45:02 PM UTC: 
 exercises.c | 14 +++++++++++++-
 1 file changed, 13 insertions(+), 1 deletion(-)
In file included from test.c:1:
exercises.c:1:3: error: stray ‘#’ in program
    1 | a #include <ctype.h>
      |   ^
exercises.c:1:1: error: unknown type name ‘a’
    1 | a #include <ctype.h>
      | ^
exercises.c:1:12: error: expected ‘=’, ‘,’, ‘;’, ‘asm’ or ‘__attribute__’ before ‘<’ token
    1 | a #include <ctype.h>
      |            ^
In file included from /nix/store/4pqv2mwdn88h7xvsm7a5zplrd8sxzvw0-glibc-2.35-163-dev/include/stdlib.h:395,
                 from exercises.c:4,
                 from test.c:1:
/nix/store/4pqv2mwdn88h7xvsm7a5zplrd8sxzvw0-glibc-2.35-163-dev/include/sys/types.h:33:9: error: unknown type name ‘__u_char’
   33 | typedef __u_char u_char;
      |         ^~~~~~~~
Compilation failed
52a7cc0
Thu 14 Mar 2024 05:45:14 PM UTC: 
 exercises.c | 2 +-
 1 file changed, 1 insertion(+), 1 deletion(-)
In file included from test.c:1:
exercises.c: In function ‘findMax’:
exercises.c:23:10: error: ‘numero_mayor’ may be used uninitialized in this function [-Werror=maybe-uninitialized]
   23 |   return numero_mayor;
      |          ^~~~~~~~~~~~
cc1: all warnings being treated as errors
Compilation failed
823e527
Thu 14 Mar 2024 05:46:13 PM UTC: 
In file included from test.c:1:
exercises.c: In function ‘findMax’:
exercises.c:23:10: error: ‘numero_mayor’ may be used uninitialized in this function [-Werror=maybe-uninitialized]
   23 |   return numero_mayor;
      |          ^~~~~~~~~~~~
cc1: all warnings being treated as errors
Compilation failed
98b391d
Thu 14 Mar 2024 05:47:52 PM UTC: 
 exercises.c | 5 +----
 1 file changed, 1 insertion(+), 4 deletions(-)
 tests:  0|6
total_score: 10/70
7c5d665
Thu 14 Mar 2024 06:13:39 PM UTC: 
 exercises.c | 13 ++++++++++++-
 1 file changed, 12 insertions(+), 1 deletion(-)
 tests:  0|5
total_score: 20/70
c6ac06b
Thu 14 Mar 2024 06:23:30 PM UTC: 
 exercises.c | 15 ++++++++++++++-
 1 file changed, 14 insertions(+), 1 deletion(-)
In file included from test.c:1:
exercises.c: In function ‘filterEvenNumbers’:
exercises.c:57:22: error: array subscript is not an integer
   57 |         nuevo_arreglo[newSize] = arr[i];
      |                      ^
exercises.c:61:10: error: function returns address of local variable [-Werror=return-local-addr]
   61 |   return nuevo_arreglo;
      |          ^~~~~~~~~~~~~
cc1: all warnings being treated as errors
Compilation failed
ce58344
Thu 14 Mar 2024 06:26:28 PM UTC: 
 exercises.c | 2 +-
 1 file changed, 1 insertion(+), 1 deletion(-)
In file included from test.c:1:
exercises.c: In function ‘filterEvenNumbers’:
exercises.c:57:22: error: array subscript is not an integer
   57 |         nuevo_arreglo[newSize] = arr[i];
      |                      ^
Compilation failed
43bea81
Thu 14 Mar 2024 06:27:03 PM UTC: 
 exercises.c | 4 ++--
 1 file changed, 2 insertions(+), 2 deletions(-)
 tests:  0|4
total_score: 30/70
80241bc
Thu 14 Mar 2024 06:42:38 PM UTC: 
 exercises.c | 41 +++++++++++++++++++++++++++++++++++++++--
 1 file changed, 39 insertions(+), 2 deletions(-)
In file included from test.c:1:
exercises.c: In function ‘mergeSortedArrays’:
exercises.c:74:9: error: ‘true’ undeclared (first use in this function)
   74 |   while(true)
      |         ^~~~
exercises.c:6:1: note: ‘true’ is defined in header ‘<stdbool.h>’; did you forget to ‘#include <stdbool.h>’?
    5 | #include <string.h>
  +++ |+#include <stdbool.h>
    6 | 
exercises.c:74:9: note: each undeclared identifier is reported only once for each function it appears in
   74 |   while(true)
      |         ^~~~
test.c:382:5: error: ‘main’ is normally a non-static function [-Werror=main]
  382 | int main(int argc, char *argv[]) {
      |     ^~~~
test.c:410:1: error: expected declaration or statement at end of input
  410 | }
      | ^
test.c:7:6: error: unused variable ‘msg’ [-Werror=unused-variable]
    7 | char msg[300];
      |      ^~~
In file included from test.c:1:
exercises.c:72:7: error: unused variable ‘result_size’ [-Werror=unused-variable]
   72 |   int result_size = size1 + size2;
      |       ^~~~~~~~~~~
At top level:
test.c:382:5: error: ‘main’ defined but not used [-Werror=unused-function]
  382 | int main(int argc, char *argv[]) {
      |     ^~~~
test.c:47:6: error: ‘readIntArray’ defined but not used [-Werror=unused-function]
   47 | void readIntArray(int arr[], int *size) {
      |      ^~~~~~~~~~~~
cc1: all warnings being treated as errors
Compilation failed
71d776e
Thu 14 Mar 2024 06:43:00 PM UTC: 
 exercises.c | 1 +
 1 file changed, 1 insertion(+)
test.c: In function ‘mergeSortedArrays’:
test.c:382:5: error: ‘main’ is normally a non-static function [-Werror=main]
  382 | int main(int argc, char *argv[]) {
      |     ^~~~
test.c:410:1: error: expected declaration or statement at end of input
  410 | }
      | ^
test.c:7:6: error: unused variable ‘msg’ [-Werror=unused-variable]
    7 | char msg[300];
      |      ^~~
In file included from test.c:1:
exercises.c:73:7: error: unused variable ‘result_size’ [-Werror=unused-variable]
   73 |   int result_size = size1 + size2;
      |       ^~~~~~~~~~~
At top level:
test.c:382:5: error: ‘main’ defined but not used [-Werror=unused-function]
  382 | int main(int argc, char *argv[]) {
      |     ^~~~
test.c:47:6: error: ‘readIntArray’ defined but not used [-Werror=unused-function]
   47 | void readIntArray(int arr[], int *size) {
      |      ^~~~~~~~~~~~
cc1: all warnings being treated as errors
Compilation failed
f670b05
Thu 14 Mar 2024 06:45:06 PM UTC: 
 exercises.c | 8 ++++++++
 1 file changed, 8 insertions(+)
test.c: In function ‘mergeSortedArrays’:
test.c:382:5: error: ‘main’ is normally a non-static function [-Werror=main]
  382 | int main(int argc, char *argv[]) {
      |     ^~~~
test.c:410:1: error: expected declaration or statement at end of input
  410 | }
      | ^
test.c:7:6: error: unused variable ‘msg’ [-Werror=unused-variable]
    7 | char msg[300];
      |      ^~~
In file included from test.c:1:
exercises.c:73:7: error: unused variable ‘result_size’ [-Werror=unused-variable]
   73 |   int result_size = size1 + size2;
      |       ^~~~~~~~~~~
At top level:
test.c:382:5: error: ‘main’ defined but not used [-Werror=unused-function]
  382 | int main(int argc, char *argv[]) {
      |     ^~~~
test.c:47:6: error: ‘readIntArray’ defined but not used [-Werror=unused-function]
   47 | void readIntArray(int arr[], int *size) {
      |      ^~~~~~~~~~~~
cc1: all warnings being treated as errors
Compilation failed
46ca04a
Thu 14 Mar 2024 07:02:56 PM UTC: 
 exercises.c | 43 +++++++++++++++++--------------------------
 1 file changed, 17 insertions(+), 26 deletions(-)
In file included from test.c:1:
exercises.c: In function ‘mergeSortedArrays’:
exercises.c:98:9: error: statement with no effect [-Werror=unused-value]
   98 |         for(i; i < size1; i++, pos++)
      |         ^~~
exercises.c:103:9: error: statement with no effect [-Werror=unused-value]
  103 |         for(j; j < size2; j++, pos++)
      |         ^~~
cc1: all warnings being treated as errors
Compilation failed
230d657
Thu 14 Mar 2024 07:03:55 PM UTC: 
 exercises.c | 4 ++--
 1 file changed, 2 insertions(+), 2 deletions(-)
In file included from test.c:1:
exercises.c: In function ‘mergeSortedArrays’:
exercises.c:98:9: error: statement with no effect [-Werror=unused-value]
   98 |         for(i; i < size1; i++, pos++)
      |         ^~~
exercises.c:103:9: error: statement with no effect [-Werror=unused-value]
  103 |         for(j; j < size2; j++, pos++)
      |         ^~~
cc1: all warnings being treated as errors
Compilation failed
362bd78
Thu 14 Mar 2024 07:04:49 PM UTC: 
 exercises.c | 2 +-
 1 file changed, 1 insertion(+), 1 deletion(-)
In file included from test.c:1:
exercises.c: In function ‘mergeSortedArrays’:
exercises.c:98:9: error: statement with no effect [-Werror=unused-value]
   98 |         for(i; i < size1; i++, pos++)
      |         ^~~
exercises.c:103:9: error: statement with no effect [-Werror=unused-value]
  103 |         for(j; j < size2; j++, pos++)
      |         ^~~
cc1: all warnings being treated as errors
Compilation failed
cfa7aab
Thu 14 Mar 2024 07:07:10 PM UTC: 
 exercises.c | 3 +--
 1 file changed, 1 insertion(+), 2 deletions(-)
In file included from test.c:1:
exercises.c: In function ‘mergeSortedArrays’:
exercises.c:99:5: error: statement with no effect [-Werror=unused-value]
   99 |     for(i; i < size1; i++, pos++)
      |     ^~~
exercises.c:104:5: error: statement with no effect [-Werror=unused-value]
  104 |     for(j; j < size2; j++, pos++)
      |     ^~~
cc1: all warnings being treated as errors
Compilation failed
2c40dfe
Thu 14 Mar 2024 07:09:16 PM UTC: 
 exercises.c | 11 +++++++----
 1 file changed, 7 insertions(+), 4 deletions(-)
In file included from test.c:1:
exercises.c:104:3: error: expected identifier or ‘(’ before ‘while’
  104 |   while(j < size2)
      |   ^~~~~
exercises.c:110:1: error: expected identifier or ‘(’ before ‘}’ token
  110 | }
      | ^
Compilation failed
98e84c9
Thu 14 Mar 2024 07:09:38 PM UTC: 
 exercises.c | 1 -
 1 file changed, 1 deletion(-)
 tests:  0|3
total_score: 40/70
c404b0e
Thu 14 Mar 2024 07:30:52 PM UTC: 
 exercises.c | 22 +++++++++++++++++++++-
 1 file changed, 21 insertions(+), 1 deletion(-)
In file included from test.c:1:
exercises.c: In function ‘checkSorted’:
exercises.c:137:1: error: control reaches end of non-void function [-Werror=return-type]
  137 | }
      | ^
cc1: all warnings being treated as errors
Compilation failed
52335b5
Thu 14 Mar 2024 08:18:10 PM UTC: 
 exercises.c | 4 ++--
 1 file changed, 2 insertions(+), 2 deletions(-)
In file included from test.c:1:
exercises.c: In function ‘checkSorted’:
exercises.c:137:1: error: control reaches end of non-void function [-Werror=return-type]
  137 | }
      | ^
cc1: all warnings being treated as errors
Compilation failed
da9f9f4
Thu 14 Mar 2024 08:19:02 PM UTC: 
 exercises.c | 1 +
 1 file changed, 1 insertion(+)
In file included from test.c:1:
exercises.c: In function ‘checkSorted’:
exercises.c:138:1: error: expected expression before ‘}’ token
  138 | }
      | ^
exercises.c:138:1: error: control reaches end of non-void function [-Werror=return-type]
  138 | }
      | ^
cc1: all warnings being treated as errors
Compilation failed
106e9aa
Thu 14 Mar 2024 08:19:13 PM UTC: 
 exercises.c | 2 +-
 1 file changed, 1 insertion(+), 1 deletion(-)
 tests:  0|3
total_score: 40/70
b6d5a1e
Thu 14 Mar 2024 08:26:17 PM UTC: 
 exercises.c | 4 ++--
 1 file changed, 2 insertions(+), 2 deletions(-)
 tests:  0|3
total_score: 40/70
6a5d140
Thu 14 Mar 2024 08:39:52 PM UTC: 
 exercises.c | 25 +++++++++++++------------
 1 file changed, 13 insertions(+), 12 deletions(-)
 tests:  0|3
total_score: 40/70
9ce2118
Thu 14 Mar 2024 08:51:40 PM UTC: 
 exercises.c | 19 +++++++------------
 1 file changed, 7 insertions(+), 12 deletions(-)
 tests:  0|2
total_score: 50/70
4699187
Thu 14 Mar 2024 08:56:33 PM UTC: 
 exercises.c | 8 +++++++-
 1 file changed, 7 insertions(+), 1 deletion(-)
In file included from test.c:1:
exercises.c: In function ‘inicializarLibro’:
exercises.c:159:16: error: passing argument 1 of ‘strcpy’ makes pointer from integer without a cast [-Werror=int-conversion]
  159 |   strcpy(libro -> anioPublicacion, anioPublicacion);
      |          ~~~~~~^~~~~~~~~~~~~~~~~~
      |                |
      |                int
In file included from /nix/store/4pqv2mwdn88h7xvsm7a5zplrd8sxzvw0-glibc-2.35-163-dev/include/features.h:490,
                 from /nix/store/4pqv2mwdn88h7xvsm7a5zplrd8sxzvw0-glibc-2.35-163-dev/include/ctype.h:25,
                 from exercises.c:1,
                 from test.c:1:
/nix/store/4pqv2mwdn88h7xvsm7a5zplrd8sxzvw0-glibc-2.35-163-dev/include/bits/string_fortified.h:77:1: note: expected ‘char * restrict’ but argument is of type ‘int’
   77 | __NTH (strcpy (char *__restrict __dest, const char *__restrict __src))
      | ^~~~~
In file included from test.c:1:
exercises.c:159:36: error: passing argument 2 of ‘strcpy’ makes pointer from integer without a cast [-Werror=int-conversion]
  159 |   strcpy(libro -> anioPublicacion, anioPublicacion);
      |                                    ^~~~~~~~~~~~~~~
      |                                    |
      |                                    int
In file included from /nix/store/4pqv2mwdn88h7xvsm7a5zplrd8sxzvw0-glibc-2.35-163-dev/include/features.h:490,
                 from /nix/store/4pqv2mwdn88h7xvsm7a5zplrd8sxzvw0-glibc-2.35-163-dev/include/ctype.h:25,
                 from exercises.c:1,
                 from test.c:1:
/nix/store/4pqv2mwdn88h7xvsm7a5zplrd8sxzvw0-glibc-2.35-163-dev/include/bits/string_fortified.h:77:1: note: expected ‘const char * restrict’ but argument is of type ‘int’
   77 | __NTH (strcpy (char *__restrict __dest, const char *__restrict __src))
      | ^~~~~
In file included from test.c:1:
exercises.c:161:23: error: passing argument 1 of ‘strcpy’ makes pointer from integer without a cast [-Werror=int-conversion]
  161 |   strcpy(libro ->autor.anioNacimiento, anioNacimiento);
      |          ~~~~~~~~~~~~~^~~~~~~~~~~~~~~
      |                       |
      |                       int
In file included from /nix/store/4pqv2mwdn88h7xvsm7a5zplrd8sxzvw0-glibc-2.35-163-dev/include/features.h:490,
                 from /nix/store/4pqv2mwdn88h7xvsm7a5zplrd8sxzvw0-glibc-2.35-163-dev/include/ctype.h:25,
                 from exercises.c:1,
                 from test.c:1:
/nix/store/4pqv2mwdn88h7xvsm7a5zplrd8sxzvw0-glibc-2.35-163-dev/include/bits/string_fortified.h:77:1: note: expected ‘char * restrict’ but argument is of type ‘int’
   77 | __NTH (strcpy (char *__restrict __dest, const char *__restrict __src))
      | ^~~~~
In file included from test.c:1:
exercises.c:161:40: error: passing argument 2 of ‘strcpy’ makes pointer from integer without a cast [-Werror=int-conversion]
  161 |   strcpy(libro ->autor.anioNacimiento, anioNacimiento);
      |                                        ^~~~~~~~~~~~~~
      |                                        |
      |                                        int
In file included from /nix/store/4pqv2mwdn88h7xvsm7a5zplrd8sxzvw0-glibc-2.35-163-dev/include/features.h:490,
                 from /nix/store/4pqv2mwdn88h7xvsm7a5zplrd8sxzvw0-glibc-2.35-163-dev/include/ctype.h:25,
                 from exercises.c:1,
                 from test.c:1:
/nix/store/4pqv2mwdn88h7xvsm7a5zplrd8sxzvw0-glibc-2.35-163-dev/include/bits/string_fortified.h:77:1: note: expected ‘const char * restrict’ but argument is of type ‘int’
   77 | __NTH (strcpy (char *__restrict __dest, const char *__restrict __src))
      | ^~~~~
cc1: all warnings being treated as errors
Compilation failed
9412468
Thu 14 Mar 2024 08:57:37 PM UTC: 
 exercises.c | 4 ++--
 1 file changed, 2 insertions(+), 2 deletions(-)
 tests:  0|1
total_score: 60/70
16b5896
Fri 15 Mar 2024 10:17:03 PM UTC: 
 exercises.c | 5 ++++-
 1 file changed, 4 insertions(+), 1 deletion(-)
In file included from test.c:1:
exercises.c: In function ‘crearListaEnlazada’:
exercises.c:184:1: error: control reaches end of non-void function [-Werror=return-type]
  184 | }
      | ^
cc1: all warnings being treated as errors
Compilation failed
7f3c02b
Fri 15 Mar 2024 10:17:18 PM UTC: 
 exercises.c | 2 +-
 1 file changed, 1 insertion(+), 1 deletion(-)
 tests:  0|1
total_score: 60/70
51618f3
Fri 15 Mar 2024 11:00:34 PM UTC: 
 exercises.c | 2 ++
 1 file changed, 2 insertions(+)
 tests:  0|1
total_score: 60/70
24f4ce5
Sat 16 Mar 2024 12:48:00 AM UTC: 
 exercises.c | 29 +++++++++++++++++++++++++++++
 1 file changed, 29 insertions(+)
In file included from test.c:1:
exercises.c: In function ‘crearListaEnlazada’:
exercises.c:203:9: error: unused variable ‘nodo_aux_2’ [-Werror=unused-variable]
  203 |   Nodo *nodo_aux_2;
      |         ^~~~~~~~~~
exercises.c:202:9: error: unused variable ‘nodo_aux_1’ [-Werror=unused-variable]
  202 |   Nodo *nodo_aux_1;
      |         ^~~~~~~~~~
cc1: all warnings being treated as errors
Compilation failed
a6c95db
Sat 16 Mar 2024 12:48:16 AM UTC: 
 exercises.c | 4 ++--
 1 file changed, 2 insertions(+), 2 deletions(-)
 tests:  0|1
total_score: 60/70
54871b5
Sat 16 Mar 2024 12:57:29 AM UTC: 
 exercises.c | 20 ++++++++++++++++----
 1 file changed, 16 insertions(+), 4 deletions(-)
 tests:  0|1
total_score: 60/70
4d34fec
Sat 16 Mar 2024 12:58:10 AM UTC: 
 exercises.c | 2 +-
 1 file changed, 1 insertion(+), 1 deletion(-)
 tests:  0|1
total_score: 60/70
5073002
Sat 16 Mar 2024 01:59:36 AM UTC: 
 exercises.c | 48 ++++++++++++++++++++++++++++--------------------
 1 file changed, 28 insertions(+), 20 deletions(-)
In file included from test.c:1:
exercises.c: In function ‘crearListaEnlazada’:
exercises.c:231:7: error: ‘temp’ undeclared (first use in this function)
  231 |       temp->siguiente = nodo_nuevo;
      |       ^~~~
exercises.c:231:7: note: each undeclared identifier is reported only once for each function it appears in
exercises.c:213:9: error: unused variable ‘nodo_aux’ [-Werror=unused-variable]
  213 |   Nodo *nodo_aux = (Nodo *)malloc(sizeof(Nodo));
      |         ^~~~~~~~
exercises.c:212:9: error: unused variable ‘aux’ [-Werror=unused-variable]
  212 |   Nodo *aux = head;
      |         ^~~
cc1: all warnings being treated as errors
Compilation failed
27d9721
